2020-02-18 00:15:06.802  INFO 14024 --- [restartedMain] c.a.a.api.AlgamoneyApiApplication        : Starting AlgamoneyApiApplication on DESKTOP-I4JN2G3 with PID 14024 (E:\workspace-sts\algamoney-api\target\classes started by Marcelo in E:\workspace-sts\algamoney-api)
2020-02-18 00:15:06.807  INFO 14024 --- [restartedMain] c.a.a.api.AlgamoneyApiApplication        : The following profiles are active: oauth-security
2020-02-18 00:15:06.841  INFO 14024 --- [restartedMain] o.s.b.devtools.restart.ChangeableUrls    : The Class-Path manifest attribute in C:\Users\Marcelo\.m2\repository\org\glassfish\jaxb\jaxb-runtime\2.3.2\jaxb-runtime-2.3.2.jar referenced one or more files that do not exist: file:/C:/Users/Marcelo/.m2/repository/org/glassfish/jaxb/jaxb-runtime/2.3.2/jakarta.xml.bind-api-2.3.2.jar,file:/C:/Users/Marcelo/.m2/repository/org/glassfish/jaxb/jaxb-runtime/2.3.2/txw2-2.3.2.jar,file:/C:/Users/Marcelo/.m2/repository/org/glassfish/jaxb/jaxb-runtime/2.3.2/istack-commons-runtime-3.0.8.jar,file:/C:/Users/Marcelo/.m2/repository/org/glassfish/jaxb/jaxb-runtime/2.3.2/stax-ex-1.8.1.jar,file:/C:/Users/Marcelo/.m2/repository/org/glassfish/jaxb/jaxb-runtime/2.3.2/FastInfoset-1.2.16.jar,file:/C:/Users/Marcelo/.m2/repository/org/glassfish/jaxb/jaxb-runtime/2.3.2/jakarta.activation-api-1.2.1.jar
2020-02-18 00:15:06.842  INFO 14024 --- [restartedMain] .e.DevToolsPropertyDefaultsPostProcessor : Devtools property defaults active! Set 'spring.devtools.add-properties' to 'false' to disable
2020-02-18 00:15:06.842  INFO 14024 --- [restartedMain] .e.DevToolsPropertyDefaultsPostProcessor : For additional web related logging consider setting the 'logging.level.web' property to 'DEBUG'
2020-02-18 00:15:07.452  INFO 14024 --- [restartedMain] .s.d.r.c.RepositoryConfigurationDelegate : Bootstrapping Spring Data JPA repositories in DEFAULT mode.
2020-02-18 00:15:07.503  INFO 14024 --- [restartedMain] .s.d.r.c.RepositoryConfigurationDelegate : Finished Spring Data repository scanning in 47ms. Found 4 JPA repository interfaces.
2020-02-18 00:15:07.716  INFO 14024 --- [restartedMain] trationDelegate$BeanPostProcessorChecker : Bean 'org.springframework.transaction.annotation.ProxyTransactionManagementConfiguration' of type [org.springframework.transaction.annotation.ProxyTransactionManagementConfiguration] is not eligible for getting processed by all BeanPostProcessors (for example: not eligible for auto-proxying)
2020-02-18 00:15:07.732  INFO 14024 --- [restartedMain] trationDelegate$BeanPostProcessorChecker : Bean 'resourceServerConfig' of type [com.algaworks.algamoney.api.config.ResourceServerConfig$$EnhancerBySpringCGLIB$$16a6610d] is not eligible for getting processed by all BeanPostProcessors (for example: not eligible for auto-proxying)
2020-02-18 00:15:07.740  INFO 14024 --- [restartedMain] trationDelegate$BeanPostProcessorChecker : Bean 'createExpressionHandler' of type [org.springframework.security.oauth2.provider.expression.OAuth2MethodSecurityExpressionHandler] is not eligible for getting processed by all BeanPostProcessors (for example: not eligible for auto-proxying)
2020-02-18 00:15:07.742  INFO 14024 --- [restartedMain] trationDelegate$BeanPostProcessorChecker : Bean 'org.springframework.security.config.annotation.configuration.ObjectPostProcessorConfiguration' of type [org.springframework.security.config.annotation.configuration.ObjectPostProcessorConfiguration] is not eligible for getting processed by all BeanPostProcessors (for example: not eligible for auto-proxying)
2020-02-18 00:15:07.744  INFO 14024 --- [restartedMain] trationDelegate$BeanPostProcessorChecker : Bean 'objectPostProcessor' of type [org.springframework.security.config.annotation.configuration.AutowireBeanFactoryObjectPostProcessor] is not eligible for getting processed by all BeanPostProcessors (for example: not eligible for auto-proxying)
2020-02-18 00:15:07.744  INFO 14024 --- [restartedMain] trationDelegate$BeanPostProcessorChecker : Bean 'org.springframework.security.access.expression.method.DefaultMethodSecurityExpressionHandler@14c2ceaa' of type [org.springframework.security.access.expression.method.DefaultMethodSecurityExpressionHandler] is not eligible for getting processed by all BeanPostProcessors (for example: not eligible for auto-proxying)
2020-02-18 00:15:07.744  INFO 14024 --- [restartedMain] trationDelegate$BeanPostProcessorChecker : Bean 'org.springframework.security.config.annotation.method.configuration.GlobalMethodSecurityConfiguration' of type [org.springframework.security.config.annotation.method.configuration.GlobalMethodSecurityConfiguration] is not eligible for getting processed by all BeanPostProcessors (for example: not eligible for auto-proxying)
2020-02-18 00:15:07.746  INFO 14024 --- [restartedMain] trationDelegate$BeanPostProcessorChecker : Bean 'methodSecurityMetadataSource' of type [org.springframework.security.access.method.DelegatingMethodSecurityMetadataSource] is not eligible for getting processed by all BeanPostProcessors (for example: not eligible for auto-proxying)
2020-02-18 00:15:08.041  INFO 14024 --- [restartedMain] o.s.b.w.embedded.tomcat.TomcatWebServer  : Tomcat initialized with port(s): 8080 (http)
2020-02-18 00:15:08.047  INFO 14024 --- [restartedMain] o.apache.catalina.core.StandardService   : Starting service [Tomcat]
2020-02-18 00:15:08.047  INFO 14024 --- [restartedMain] org.apache.catalina.core.StandardEngine  : Starting Servlet engine: [Apache Tomcat/9.0.30]
2020-02-18 00:15:08.118  INFO 14024 --- [restartedMain] o.a.c.c.C.[Tomcat].[localhost].[/]       : Initializing Spring embedded WebApplicationContext
2020-02-18 00:15:08.119 DEBUG 14024 --- [restartedMain] o.s.web.context.ContextLoader            : Published root WebApplicationContext as ServletContext attribute with name [org.springframework.web.context.WebApplicationContext.ROOT]
2020-02-18 00:15:08.119  INFO 14024 --- [restartedMain] o.s.web.context.ContextLoader            : Root WebApplicationContext: initialization completed in 1276 ms
2020-02-18 00:15:08.208  INFO 14024 --- [restartedMain] o.f.c.internal.license.VersionPrinter    : Flyway Community Edition 5.2.4 by Boxfuse
2020-02-18 00:15:08.210  INFO 14024 --- [restartedMain] com.zaxxer.hikari.HikariDataSource       : HikariPool-1 - Starting...
2020-02-18 00:15:08.329  INFO 14024 --- [restartedMain] com.zaxxer.hikari.HikariDataSource       : HikariPool-1 - Start completed.
2020-02-18 00:15:08.333  INFO 14024 --- [restartedMain] o.f.c.internal.database.DatabaseFactory  : Database: jdbc:mysql://localhost/algamoneyapi (MySQL 8.0)
2020-02-18 00:15:08.396  INFO 14024 --- [restartedMain] o.f.core.internal.command.DbValidate     : Successfully validated 4 migrations (execution time 00:00.031s)
2020-02-18 00:15:08.405  INFO 14024 --- [restartedMain] o.f.core.internal.command.DbMigrate      : Current version of schema `algamoneyapi`: 04
2020-02-18 00:15:08.406  INFO 14024 --- [restartedMain] o.f.core.internal.command.DbMigrate      : Schema `algamoneyapi` is up to date. No migration necessary.
2020-02-18 00:15:08.466  INFO 14024 --- [restartedMain] o.hibernate.jpa.internal.util.LogHelper  : HHH000204: Processing PersistenceUnitInfo [name: default]
2020-02-18 00:15:08.501  INFO 14024 --- [restartedMain] org.hibernate.Version                    : HHH000412: Hibernate Core {5.4.10.Final}
2020-02-18 00:15:08.564  INFO 14024 --- [restartedMain] o.hibernate.annotations.common.Version   : HCANN000001: Hibernate Commons Annotations {5.1.0.Final}
2020-02-18 00:15:08.621  INFO 14024 --- [restartedMain] org.hibernate.dialect.Dialect            : HHH000400: Using dialect: org.hibernate.dialect.MySQL5Dialect
2020-02-18 00:15:09.062  INFO 14024 --- [restartedMain] o.h.e.t.j.p.i.JtaPlatformInitiator       : HHH000490: Using JtaPlatform implementation: [org.hibernate.engine.transaction.jta.platform.internal.NoJtaPlatform]
2020-02-18 00:15:09.066  INFO 14024 --- [restartedMain] j.LocalContainerEntityManagerFactoryBean : Initialized JPA EntityManagerFactory for persistence unit 'default'
2020-02-18 00:15:09.093  WARN 14024 --- [restartedMain] JpaBaseConfiguration$JpaWebConfiguration : spring.jpa.open-in-view is enabled by default. Therefore, database queries may be performed during view rendering. Explicitly configure spring.jpa.open-in-view to disable this warning
2020-02-18 00:15:09.407  WARN 14024 --- [restartedMain] o.s.s.o.p.t.s.JwtAccessTokenConverter    : Unable to create an RSA verifier from verifierKey (ignoreable if using MAC)
2020-02-18 00:15:09.612  INFO 14024 --- [restartedMain] o.s.s.web.DefaultSecurityFilterChain     : Creating filter chain: OrRequestMatcher [requestMatchers=[Ant [pattern='/oauth/token'], Ant [pattern='/oauth/token_key'], Ant [pattern='/oauth/check_token']]], [org.springframework.security.web.context.request.async.WebAsyncManagerIntegrationFilter@33149ff9, org.springframework.security.web.context.SecurityContextPersistenceFilter@40a96ae5, org.springframework.security.web.header.HeaderWriterFilter@5e107a6d, org.springframework.security.web.authentication.logout.LogoutFilter@36755a4b, org.springframework.security.web.authentication.www.BasicAuthenticationFilter@63954da, org.springframework.security.web.savedrequest.RequestCacheAwareFilter@330c8b08, org.springframework.security.web.servletapi.SecurityContextHolderAwareRequestFilter@13a633cb, org.springframework.security.web.authentication.AnonymousAuthenticationFilter@b3f537b, org.springframework.security.web.session.SessionManagementFilter@5a005ec2, org.springframework.security.web.access.ExceptionTranslationFilter@1c5a2a1c, org.springframework.security.web.access.intercept.FilterSecurityInterceptor@2e778fa1]
2020-02-18 00:15:09.620  INFO 14024 --- [restartedMain] o.s.s.web.DefaultSecurityFilterChain     : Creating filter chain: org.springframework.security.oauth2.config.annotation.web.configuration.ResourceServerConfiguration$NotOAuthRequestMatcher@aea4512, [org.springframework.security.web.context.request.async.WebAsyncManagerIntegrationFilter@7eac4887, org.springframework.security.web.context.SecurityContextPersistenceFilter@59aec720, org.springframework.security.web.header.HeaderWriterFilter@35393435, org.springframework.security.web.authentication.logout.LogoutFilter@1dc7dcd9, org.springframework.security.oauth2.provider.authentication.OAuth2AuthenticationProcessingFilter@2ae6cf7a, org.springframework.security.web.savedrequest.RequestCacheAwareFilter@2e422389, org.springframework.security.web.servletapi.SecurityContextHolderAwareRequestFilter@52a632e8, org.springframework.security.web.authentication.AnonymousAuthenticationFilter@1a30e016, org.springframework.security.web.session.SessionManagementFilter@59673bc6, org.springframework.security.web.access.ExceptionTranslationFilter@32b8b468, org.springframework.security.web.access.intercept.FilterSecurityInterceptor@279dd26f]
2020-02-18 00:15:09.629  INFO 14024 --- [restartedMain] o.s.s.web.DefaultSecurityFilterChain     : Creating filter chain: any request, [org.springframework.security.web.context.request.async.WebAsyncManagerIntegrationFilter@47b65720, org.springframework.security.web.context.SecurityContextPersistenceFilter@2bf7c1bf, org.springframework.security.web.header.HeaderWriterFilter@6088ca26, org.springframework.security.web.csrf.CsrfFilter@6b1c6369, org.springframework.security.web.authentication.logout.LogoutFilter@1bfa4717, org.springframework.security.web.authentication.UsernamePasswordAuthenticationFilter@215253f2, org.springframework.security.web.authentication.ui.DefaultLoginPageGeneratingFilter@27822438, org.springframework.security.web.authentication.ui.DefaultLogoutPageGeneratingFilter@401770ae, org.springframework.security.web.authentication.www.BasicAuthenticationFilter@74c85788, org.springframework.security.web.savedrequest.RequestCacheAwareFilter@567e950c, org.springframework.security.web.servletapi.SecurityContextHolderAwareRequestFilter@7001ac1f, org.springframework.security.web.authentication.AnonymousAuthenticationFilter@3ecf0d89, org.springframework.security.web.session.SessionManagementFilter@6807fa75, org.springframework.security.web.access.ExceptionTranslationFilter@265b65e8, org.springframework.security.web.access.intercept.FilterSecurityInterceptor@562599e3]
2020-02-18 00:15:09.721  INFO 14024 --- [restartedMain] o.s.s.concurrent.ThreadPoolTaskExecutor  : Initializing ExecutorService 'applicationTaskExecutor'
2020-02-18 00:15:09.730 DEBUG 14024 --- [restartedMain] s.w.s.m.m.a.RequestMappingHandlerAdapter : ControllerAdvice beans: 0 @ModelAttribute, 0 @InitBinder, 1 RequestBodyAdvice, 2 ResponseBodyAdvice
2020-02-18 00:15:09.753 DEBUG 14024 --- [restartedMain] s.w.s.m.m.a.RequestMappingHandlerMapping : 18 mappings in 'requestMappingHandlerMapping'
2020-02-18 00:15:09.776 DEBUG 14024 --- [restartedMain] o.s.w.s.handler.SimpleUrlHandlerMapping  : Patterns [/webjars/**, /**] in 'resourceHandlerMapping'
2020-02-18 00:15:09.786 DEBUG 14024 --- [restartedMain] .m.m.a.ExceptionHandlerExceptionResolver : ControllerAdvice beans: 1 @ExceptionHandler, 2 ResponseBodyAdvice
2020-02-18 00:15:09.851  INFO 14024 --- [restartedMain] o.s.b.d.a.OptionalLiveReloadServer       : LiveReload server is running on port 35729
2020-02-18 00:15:10.029  INFO 14024 --- [restartedMain] o.s.b.w.embedded.tomcat.TomcatWebServer  : Tomcat started on port(s): 8080 (http) with context path ''
2020-02-18 00:15:10.031  INFO 14024 --- [restartedMain] c.a.a.api.AlgamoneyApiApplication        : Started AlgamoneyApiApplication in 3.45 seconds (JVM running for 4.082)
2020-02-18 00:15:19.592  INFO 14024 --- [http-nio-8080-exec-2] o.a.c.c.C.[Tomcat].[localhost].[/]       : Initializing Spring DispatcherServlet 'dispatcherServlet'
2020-02-18 00:15:19.592  INFO 14024 --- [http-nio-8080-exec-2] o.s.web.servlet.DispatcherServlet        : Initializing Servlet 'dispatcherServlet'
2020-02-18 00:15:19.592 DEBUG 14024 --- [http-nio-8080-exec-2] o.s.web.servlet.DispatcherServlet        : Detected StandardServletMultipartResolver
2020-02-18 00:15:19.598 DEBUG 14024 --- [http-nio-8080-exec-2] o.s.web.servlet.DispatcherServlet        : enableLoggingRequestDetails='false': request parameters and headers will be masked to prevent unsafe logging of potentially sensitive data
2020-02-18 00:15:19.598  INFO 14024 --- [http-nio-8080-exec-2] o.s.web.servlet.DispatcherServlet        : Completed initialization in 6 ms
2020-02-18 00:15:19.618 DEBUG 14024 --- [http-nio-8080-exec-2] o.s.web.servlet.DispatcherServlet        : "ERROR" dispatch for POST "/error", parameters={masked}
2020-02-18 00:15:19.621 DEBUG 14024 --- [http-nio-8080-exec-2] s.w.s.m.m.a.RequestMappingHandlerMapping : Mapped to org.springframework.boot.autoconfigure.web.servlet.error.BasicErrorController#error(HttpServletRequest)
2020-02-18 00:15:19.639 DEBUG 14024 --- [http-nio-8080-exec-2] o.s.w.s.m.m.a.HttpEntityMethodProcessor  : Using 'application/json', given [*/*] and supported [application/json, application/*+json, application/json, application/*+json]
2020-02-18 00:15:19.640 DEBUG 14024 --- [http-nio-8080-exec-2] o.s.w.s.m.m.a.HttpEntityMethodProcessor  : Writing [{timestamp=Tue Feb 18 03:15:19 UTC 2020, status=401, error=Unauthorized, message=Unauthorized, path= (truncated)...]
2020-02-18 00:15:19.671 DEBUG 14024 --- [http-nio-8080-exec-2] o.s.web.servlet.DispatcherServlet        : Exiting from "ERROR" dispatch, status 401
2020-02-18 00:15:36.238 DEBUG 14024 --- [http-nio-8080-exec-3] o.s.web.servlet.DispatcherServlet        : POST "/oauth/token", parameters={masked}
2020-02-18 00:15:36.709 DEBUG 14024 --- [http-nio-8080-exec-3] o.s.w.s.m.m.a.HttpEntityMethodProcessor  : Found 'Content-Type:application/json;charset=UTF-8' in response
2020-02-18 00:15:36.724 DEBUG 14024 --- [http-nio-8080-exec-3] o.s.w.s.m.m.a.HttpEntityMethodProcessor  : Writing [eyJhbGciOiJIUzI1NiIsInR5cCI6IkpXVCJ9.eyJ1c2VyX25hbWUiOiJhZG1pbkBhbGdhbW9uZXkuY29tIiwic2NvcGUiOlsicmV (truncated)...]
2020-02-18 00:15:36.726 DEBUG 14024 --- [http-nio-8080-exec-3] o.s.web.servlet.DispatcherServlet        : Completed 200 OK
2020-02-18 00:22:32.371  INFO 14024 --- [RMI TCP Connection(18)-127.0.0.1] inMXBeanRegistrar$SpringApplicationAdmin : Application shutdown requested.
2020-02-18 00:22:32.373  INFO 14024 --- [RMI TCP Connection(18)-127.0.0.1] o.s.s.concurrent.ThreadPoolTaskExecutor  : Shutting down ExecutorService 'applicationTaskExecutor'
2020-02-18 00:22:32.374  INFO 14024 --- [RMI TCP Connection(18)-127.0.0.1] j.LocalContainerEntityManagerFactoryBean : Closing JPA EntityManagerFactory for persistence unit 'default'
2020-02-18 00:22:32.376  INFO 14024 --- [RMI TCP Connection(18)-127.0.0.1] com.zaxxer.hikari.HikariDataSource       : HikariPool-1 - Shutdown initiated...
2020-02-18 00:22:32.381  INFO 14024 --- [RMI TCP Connection(18)-127.0.0.1] com.zaxxer.hikari.HikariDataSource       : HikariPool-1 - Shutdown completed.
